<?xml version="1.0" encoding="UTF-8"?>
<testsuite xmlns:xsi="http://www.w3.org/2001/XMLSchema-instance" xsi:noNamespaceSchemaLocation="https://maven.apache.org/surefire/maven-surefire-plugin/xsd/surefire-test-report-3.0.xsd" version="3.0" name="clinicaveterinaria.ClinicaVeterinariaTest" time="0.128" tests="9" errors="0" skipped="0" failures="0">
  <properties>
[...]
</properties>
  <testcase name="deveEnviarAvisoAutomaticoAoTutorQuandoAtendimentoForIniciado" classname="clinicaveterinaria.ClinicaVeterinariaTest" time="0.043"/>
  <testcase name="deveLancarExcecaoAoTentarConstruirAtendimentoSemDadosObrigatorios" classname="clinicaveterinaria.ClinicaVeterinariaTest" time="0.004"/>
  <testcase name="deveCalcularValorComNovosDecoratorsONGNoturno" classname="clinicaveterinaria.ClinicaVeterinariaTest" time="0.007"/>
  <testcase name="deveEnviarAvisoAutomaticoAoVeterinarioQuandoAtendimentoForCancelado" classname="clinicaveterinaria.ClinicaVeterinariaTest" time="0.003"/>
  <testcase name="deveCalcularValorFinalComMaisDeUmaRegraAplicada" classname="clinicaveterinaria.ClinicaVeterinariaTest" time="0.003"/>
  <testcase name="devePermitirMudancaValidaDeSituacao" classname="clinicaveterinaria.ClinicaVeterinariaTest" time="0.001"/>
  <testcase name="deveEnviarAvisoAutomaticoARecepcaoQuandoAtendimentoForFinalizado" classname="clinicaveterinaria.ClinicaVeterinariaTest" time="0.005"/>
  <testcase name="deveNotificarNovosObserversCorretamenteNoFluxoCompleto" classname="clinicaveterinaria.ClinicaVeterinariaTest" time="0.022"/>
  <testcase name="deveBloquearMudancaInvalidaDeSituacao" classname="clinicaveterinaria.ClinicaVeterinariaTest" time="0.002"/>
</testsuite>